Determining if the pthread_create exist failed with the following output:
Change Dir: /home/enes/gym-gazebo/gym_gazebo/envs/installation/catkin_ws/build/CMakeFiles/CMakeTmp

Run Build Command:"/usr/bin/make" "cmTC_c6a22/fast"
/usr/bin/make -f CMakeFiles/cmTC_c6a22.dir/build.make CMakeFiles/cmTC_c6a22.dir/build
make[1]: Entering directory '/home/enes/gym-gazebo/gym_gazebo/envs/installation/catkin_ws/build/CMakeFiles/CMakeTmp'
Building C object CMakeFiles/cmTC_c6a22.dir/CheckSymbolExists.c.o
/usr/bin/cc    -o CMakeFiles/cmTC_c6a22.dir/CheckSymbolExists.c.o   -c /home/enes/gym-gazebo/gym_gazebo/envs/installation/catkin_ws/build/CMakeFiles/CMakeTmp/CheckSymbolExists.c
Linking C executable cmTC_c6a22
/usr/bin/cmake -E cmake_link_script CMakeFiles/cmTC_c6a22.dir/link.txt --verbose=1
/usr/bin/cc      -rdynamic CMakeFiles/cmTC_c6a22.dir/CheckSymbolExists.c.o  -o cmTC_c6a22 
CMakeFiles/cmTC_c6a22.dir/CheckSymbolExists.c.o: In function `main':
CheckSymbolExists.c:(.text+0x1b): undefined reference to `pthread_create'
collect2: error: ld returned 1 exit status
CMakeFiles/cmTC_c6a22.dir/build.make:97: recipe for target 'cmTC_c6a22' failed
make[1]: *** [cmTC_c6a22] Error 1
make[1]: Leaving directory '/home/enes/gym-gazebo/gym_gazebo/envs/installation/catkin_ws/build/CMakeFiles/CMakeTmp'
Makefile:126: recipe for target 'cmTC_c6a22/fast' failed
make: *** [cmTC_c6a22/fast] Error 2

File /home/enes/gym-gazebo/gym_gazebo/envs/installation/catkin_ws/build/CMakeFiles/CMakeTmp/CheckSymbolExists.c:
/* */
#include <pthread.h>

int main(int argc, char** argv)
{
  (void)argv;
#ifndef pthread_create
  return ((int*)(&pthread_create))[argc];
#else
  (void)argc;
  return 0;
#endif
}

Determining if the function pthread_create exists in the pthreads failed with the following output:
Change Dir: /home/enes/gym-gazebo/gym_gazebo/envs/installation/catkin_ws/build/CMakeFiles/CMakeTmp

Run Build Command:"/usr/bin/make" "cmTC_fc88a/fast"
/usr/bin/make -f CMakeFiles/cmTC_fc88a.dir/build.make CMakeFiles/cmTC_fc88a.dir/build
make[1]: Entering directory '/home/enes/gym-gazebo/gym_gazebo/envs/installation/catkin_ws/build/CMakeFiles/CMakeTmp'
Building C object CMakeFiles/cmTC_fc88a.dir/CheckFunctionExists.c.o
/usr/bin/cc   -DCHECK_FUNCTION_EXISTS=pthread_create   -o CMakeFiles/cmTC_fc88a.dir/CheckFunctionExists.c.o   -c /usr/share/cmake-3.10/Modules/CheckFunctionExists.c
Linking C executable cmTC_fc88a
/usr/bin/cmake -E cmake_link_script CMakeFiles/cmTC_fc88a.dir/link.txt --verbose=1
/usr/bin/cc  -DCHECK_FUNCTION_EXISTS=pthread_create    -rdynamic CMakeFiles/cmTC_fc88a.dir/CheckFunctionExists.c.o  -o cmTC_fc88a -lpthreads 
/usr/bin/ld: cannot find -lpthreads
collect2: error: ld returned 1 exit status
CMakeFiles/cmTC_fc88a.dir/build.make:97: recipe for target 'cmTC_fc88a' failed
make[1]: *** [cmTC_fc88a] Error 1
make[1]: Leaving directory '/home/enes/gym-gazebo/gym_gazebo/envs/installation/catkin_ws/build/CMakeFiles/CMakeTmp'
Makefile:126: recipe for target 'cmTC_fc88a/fast' failed
make: *** [cmTC_fc88a/fast] Error 2


Determining if the include file pgm.h exists failed with the following output:
Change Dir: /home/enes/gym-gazebo/gym_gazebo/envs/installation/catkin_ws/build/CMakeFiles/CMakeTmp

Run Build Command:"/usr/bin/make" "cmTC_825ff/fast"
/usr/bin/make -f CMakeFiles/cmTC_825ff.dir/build.make CMakeFiles/cmTC_825ff.dir/build
make[1]: Entering directory '/home/enes/gym-gazebo/gym_gazebo/envs/installation/catkin_ws/build/CMakeFiles/CMakeTmp'
Building CXX object CMakeFiles/cmTC_825ff.dir/CheckIncludeFile.cxx.o
/usr/bin/c++     -o CMakeFiles/cmTC_825ff.dir/CheckIncludeFile.cxx.o -c /home/enes/gym-gazebo/gym_gazebo/envs/installation/catkin_ws/build/CMakeFiles/CMakeTmp/CheckIncludeFile.cxx
/home/enes/gym-gazebo/gym_gazebo/envs/installation/catkin_ws/build/CMakeFiles/CMakeTmp/CheckIncludeFile.cxx:1:10: fatal error: pgm.h: No such file or directory
 #include <pgm.h>
          ^~~~~~~
compilation terminated.
CMakeFiles/cmTC_825ff.dir/build.make:65: recipe for target 'CMakeFiles/cmTC_825ff.dir/CheckIncludeFile.cxx.o' failed
make[1]: *** [CMakeFiles/cmTC_825ff.dir/CheckIncludeFile.cxx.o] Error 1
make[1]: Leaving directory '/home/enes/gym-gazebo/gym_gazebo/envs/installation/catkin_ws/build/CMakeFiles/CMakeTmp'
Makefile:126: recipe for target 'cmTC_825ff/fast' failed
make: *** [cmTC_825ff/fast] Error 2


